Build started 24.07.2015 17:17:46.
     1>Project "C:\Users\xxvs0026\Documents\Visual Studio 2012\Projects\WordPaths\TestWordPaths\TestWordPaths.vcxproj" on node 2 (Rebuild target(s)).
     1>ClCompile:
         C:\Program Files (x86)\Microsoft Visual Studio 11.0\VC\bin\CL.exe /c /I"C:\Users\xxvs0026\Documents\Visual Studio 2012\Projects\WordPaths\TestWordPaths\cppunit\include" /Zi /nologo /W3 /WX- /sdl /Od /Oy- /D WIN32 /D NDEBUG /D _CONSOLE /D _CRT_SECURE_NO_WARNINGS /D _UNICODE /D UNICODE /Gm /EHsc /RTC1 /MDd /GS /fp:precise /Zc:wchar_t /Zc:forScope /Yc"stdafx.h" /Fp"Debug\TestWordPaths.pch" /Fo"Debug\\" /Fd"Debug\vc110.pdb" /Gd /TP /analyze- /errorReport:prompt stdafx.cpp
         stdafx.cpp
         C:\Program Files (x86)\Microsoft Visual Studio 11.0\VC\bin\CL.exe /c /I"C:\Users\xxvs0026\Documents\Visual Studio 2012\Projects\WordPaths\TestWordPaths\cppunit\include" /Zi /nologo /W3 /WX- /sdl /Od /Oy- /D WIN32 /D NDEBUG /D _CONSOLE /D _CRT_SECURE_NO_WARNINGS /D _UNICODE /D UNICODE /Gm /EHsc /RTC1 /MDd /GS /fp:precise /Zc:wchar_t /Zc:forScope /Yu"stdafx.h" /Fp"Debug\TestWordPaths.pch" /Fo"Debug\\" /Fd"Debug\vc110.pdb" /Gd /TP /analyze- /errorReport:prompt ..\WordPaths\functions.cpp ..\WordPaths\Node.cpp TestWordPaths.cpp WordPathsTestCase.cpp
         WordPathsTestCase.cpp
         TestWordPaths.cpp
         Node.cpp
     1>..\WordPaths\Node.cpp(46): warning C4018: '<' : signed/unsigned mismatch
         functions.cpp
     1>..\WordPaths\functions.cpp(44): warning C4018: '<' : signed/unsigned mismatch
         Generating Code...
       Link:
         C:\Program Files (x86)\Microsoft Visual Studio 11.0\VC\bin\link.exe /ERRORREPORT:PROMPT /OUT:"C:\Users\xxvs0026\Documents\Visual Studio 2012\Projects\WordPaths\Debug\TestWordPaths.exe" /INCREMENTAL /NOLOGO "C:\Users\xxvs0026\Documents\Visual Studio 2012\Projects\WordPaths\TestWordPaths\cppunit\lib\cppunit.lib" kernel32.lib user32.lib gdi32.lib winspool.lib comdlg32.lib advapi32.lib shell32.lib ole32.lib oleaut32.lib uuid.lib odbc32.lib odbccp32.lib /MANIFEST /MANIFESTUAC:"level='asInvoker' uiAccess='false'" /manifest:embed /DEBUG /PDB:"C:\Users\xxvs0026\Documents\Visual Studio 2012\Projects\WordPaths\Debug\TestWordPaths.pdb" /SUBSYSTEM:CONSOLE /TLBID:1 /DYNAMICBASE /NXCOMPAT /IMPLIB:"C:\Users\xxvs0026\Documents\Visual Studio 2012\Projects\WordPaths\Debug\TestWordPaths.lib" /MACHINE:X86 Debug\functions.obj
         Debug\Node.obj
         Debug\stdafx.obj
         Debug\TestWordPaths.obj
         Debug\WordPathsTestCase.obj
     1>cppunit.lib(TestFactoryRegistry.obj) : error LNK2038: mismatch detected for '_ITERATOR_DEBUG_LEVEL': value '0' doesn't match value '2' in functions.obj
     1>cppunit.lib(TestFactoryRegistry.obj) : error LNK2038: mismatch detected for 'RuntimeLibrary': value 'MD_DynamicRelease' doesn't match value 'MDd_DynamicDebug' in functions.obj
     1>cppunit.lib(TestRunner.obj) : error LNK2038: mismatch detected for '_ITERATOR_DEBUG_LEVEL': value '0' doesn't match value '2' in functions.obj
     1>cppunit.lib(TestRunner.obj) : error LNK2038: mismatch detected for 'RuntimeLibrary': value 'MD_DynamicRelease' doesn't match value 'MDd_DynamicDebug' in functions.obj
     1>cppunit.lib(TextTestRunner.obj) : error LNK2038: mismatch detected for '_ITERATOR_DEBUG_LEVEL': value '0' doesn't match value '2' in functions.obj
     1>cppunit.lib(TextTestRunner.obj) : error LNK2038: mismatch detected for 'RuntimeLibrary': value 'MD_DynamicRelease' doesn't match value 'MDd_DynamicDebug' in functions.obj
     1>cppunit.lib(Test.obj) : error LNK2038: mismatch detected for '_ITERATOR_DEBUG_LEVEL': value '0' doesn't match value '2' in functions.obj
     1>cppunit.lib(Test.obj) : error LNK2038: mismatch detected for 'RuntimeLibrary': value 'MD_DynamicRelease' doesn't match value 'MDd_DynamicDebug' in functions.obj
     1>cppunit.lib(TestLeaf.obj) : error LNK2038: mismatch detected for '_ITERATOR_DEBUG_LEVEL': value '0' doesn't match value '2' in functions.obj
     1>cppunit.lib(TestLeaf.obj) : error LNK2038: mismatch detected for 'RuntimeLibrary': value 'MD_DynamicRelease' doesn't match value 'MDd_DynamicDebug' in functions.obj
     1>cppunit.lib(Message.obj) : error LNK2038: mismatch detected for '_ITERATOR_DEBUG_LEVEL': value '0' doesn't match value '2' in functions.obj
     1>cppunit.lib(Message.obj) : error LNK2038: mismatch detected for 'RuntimeLibrary': value 'MD_DynamicRelease' doesn't match value 'MDd_DynamicDebug' in functions.obj
     1>cppunit.lib(SourceLine.obj) : error LNK2038: mismatch detected for '_ITERATOR_DEBUG_LEVEL': value '0' doesn't match value '2' in functions.obj
     1>cppunit.lib(SourceLine.obj) : error LNK2038: mismatch detected for 'RuntimeLibrary': value 'MD_DynamicRelease' doesn't match value 'MDd_DynamicDebug' in functions.obj
     1>cppunit.lib(AdditionalMessage.obj) : error LNK2038: mismatch detected for '_ITERATOR_DEBUG_LEVEL': value '0' doesn't match value '2' in functions.obj
     1>cppunit.lib(AdditionalMessage.obj) : error LNK2038: mismatch detected for 'RuntimeLibrary': value 'MD_DynamicRelease' doesn't match value 'MDd_DynamicDebug' in functions.obj
     1>cppunit.lib(Asserter.obj) : error LNK2038: mismatch detected for '_ITERATOR_DEBUG_LEVEL': value '0' doesn't match value '2' in functions.obj
     1>cppunit.lib(Asserter.obj) : error LNK2038: mismatch detected for 'RuntimeLibrary': value 'MD_DynamicRelease' doesn't match value 'MDd_DynamicDebug' in functions.obj
     1>cppunit.lib(TestCase.obj) : error LNK2038: mismatch detected for '_ITERATOR_DEBUG_LEVEL': value '0' doesn't match value '2' in functions.obj
     1>cppunit.lib(TestCase.obj) : error LNK2038: mismatch detected for 'RuntimeLibrary': value 'MD_DynamicRelease' doesn't match value 'MDd_DynamicDebug' in functions.obj
     1>cppunit.lib(TestSuite.obj) : error LNK2038: mismatch detected for '_ITERATOR_DEBUG_LEVEL': value '0' doesn't match value '2' in functions.obj
     1>cppunit.lib(TestSuite.obj) : error LNK2038: mismatch detected for 'RuntimeLibrary': value 'MD_DynamicRelease' doesn't match value 'MDd_DynamicDebug' in functions.obj
     1>cppunit.lib(TestNamer.obj) : error LNK2038: mismatch detected for '_ITERATOR_DEBUG_LEVEL': value '0' doesn't match value '2' in functions.obj
     1>cppunit.lib(TestNamer.obj) : error LNK2038: mismatch detected for 'RuntimeLibrary': value 'MD_DynamicRelease' doesn't match value 'MDd_DynamicDebug' in functions.obj
     1>cppunit.lib(TestSuiteBuilderContext.obj) : error LNK2038: mismatch detected for '_ITERATOR_DEBUG_LEVEL': value '0' doesn't match value '2' in functions.obj
     1>cppunit.lib(TestSuiteBuilderContext.obj) : error LNK2038: mismatch detected for 'RuntimeLibrary': value 'MD_DynamicRelease' doesn't match value 'MDd_DynamicDebug' in functions.obj
     1>cppunit.lib(TestComposite.obj) : error LNK2038: mismatch detected for '_ITERATOR_DEBUG_LEVEL': value '0' doesn't match value '2' in functions.obj
     1>cppunit.lib(TestComposite.obj) : error LNK2038: mismatch detected for 'RuntimeLibrary': value 'MD_DynamicRelease' doesn't match value 'MDd_DynamicDebug' in functions.obj
     1>cppunit.lib(TestPath.obj) : error LNK2038: mismatch detected for '_ITERATOR_DEBUG_LEVEL': value '0' doesn't match value '2' in functions.obj
     1>cppunit.lib(TestPath.obj) : error LNK2038: mismatch detected for 'RuntimeLibrary': value 'MD_DynamicRelease' doesn't match value 'MDd_DynamicDebug' in functions.obj
     1>cppunit.lib(TestResult.obj) : error LNK2038: mismatch detected for '_ITERATOR_DEBUG_LEVEL': value '0' doesn't match value '2' in functions.obj
     1>cppunit.lib(TestResult.obj) : error LNK2038: mismatch detected for 'RuntimeLibrary': value 'MD_DynamicRelease' doesn't match value 'MDd_DynamicDebug' in functions.obj
     1>cppunit.lib(TestResultCollector.obj) : error LNK2038: mismatch detected for '_ITERATOR_DEBUG_LEVEL': value '0' doesn't match value '2' in functions.obj
     1>cppunit.lib(TestResultCollector.obj) : error LNK2038: mismatch detected for 'RuntimeLibrary': value 'MD_DynamicRelease' doesn't match value 'MDd_DynamicDebug' in functions.obj
     1>cppunit.lib(TextOutputter.obj) : error LNK2038: mismatch detected for '_ITERATOR_DEBUG_LEVEL': value '0' doesn't match value '2' in functions.obj
     1>cppunit.lib(TextOutputter.obj) : error LNK2038: mismatch detected for 'RuntimeLibrary': value 'MD_DynamicRelease' doesn't match value 'MDd_DynamicDebug' in functions.obj
     1>cppunit.lib(TextTestProgressListener.obj) : error LNK2038: mismatch detected for '_ITERATOR_DEBUG_LEVEL': value '0' doesn't match value '2' in functions.obj
     1>cppunit.lib(TextTestProgressListener.obj) : error LNK2038: mismatch detected for 'RuntimeLibrary': value 'MD_DynamicRelease' doesn't match value 'MDd_DynamicDebug' in functions.obj
     1>cppunit.lib(Exception.obj) : error LNK2038: mismatch detected for '_ITERATOR_DEBUG_LEVEL': value '0' doesn't match value '2' in functions.obj
     1>cppunit.lib(Exception.obj) : error LNK2038: mismatch detected for 'RuntimeLibrary': value 'MD_DynamicRelease' doesn't match value 'MDd_DynamicDebug' in functions.obj
     1>cppunit.lib(Protector.obj) : error LNK2038: mismatch detected for '_ITERATOR_DEBUG_LEVEL': value '0' doesn't match value '2' in functions.obj
     1>cppunit.lib(Protector.obj) : error LNK2038: mismatch detected for 'RuntimeLibrary': value 'MD_DynamicRelease' doesn't match value 'MDd_DynamicDebug' in functions.obj
     1>cppunit.lib(TypeInfoHelper.obj) : error LNK2038: mismatch detected for '_ITERATOR_DEBUG_LEVEL': value '0' doesn't match value '2' in functions.obj
     1>cppunit.lib(TypeInfoHelper.obj) : error LNK2038: mismatch detected for 'RuntimeLibrary': value 'MD_DynamicRelease' doesn't match value 'MDd_DynamicDebug' in functions.obj
     1>cppunit.lib(TestFailure.obj) : error LNK2038: mismatch detected for '_ITERATOR_DEBUG_LEVEL': value '0' doesn't match value '2' in functions.obj
     1>cppunit.lib(TestFailure.obj) : error LNK2038: mismatch detected for 'RuntimeLibrary': value 'MD_DynamicRelease' doesn't match value 'MDd_DynamicDebug' in functions.obj
     1>cppunit.lib(DefaultProtector.obj) : error LNK2038: mismatch detected for '_ITERATOR_DEBUG_LEVEL': value '0' doesn't match value '2' in functions.obj
     1>cppunit.lib(DefaultProtector.obj) : error LNK2038: mismatch detected for 'RuntimeLibrary': value 'MD_DynamicRelease' doesn't match value 'MDd_DynamicDebug' in functions.obj
     1>cppunit.lib(ProtectorChain.obj) : error LNK2038: mismatch detected for '_ITERATOR_DEBUG_LEVEL': value '0' doesn't match value '2' in functions.obj
     1>cppunit.lib(ProtectorChain.obj) : error LNK2038: mismatch detected for 'RuntimeLibrary': value 'MD_DynamicRelease' doesn't match value 'MDd_DynamicDebug' in functions.obj
     1>LINK : warning LNK4098: defaultlib 'MSVCRT' conflicts with use of other libs; use /NODEFAULTLIB:library
     1>C:\Users\xxvs0026\Documents\Visual Studio 2012\Projects\WordPaths\Debug\TestWordPaths.exe : fatal error LNK1319: 50 mismatches detected
     1>Done Building Project "C:\Users\xxvs0026\Documents\Visual Studio 2012\Projects\WordPaths\TestWordPaths\TestWordPaths.vcxproj" (Rebuild target(s)) -- FAILED.

Build FAILED.

Time Elapsed 00:00:02.42
